<?xml version="1.0" encoding="UTF-8"?>
<!-- Generated by org.testng.reporters.JUnitReportReporter -->
<testsuite skipped="2" hostname="DESKTOP-B2220QC" name="tests.TestClass" tests="4" failures="0" timestamp="2022-05-21T10:12:05 IST" time="0.030" errors="0">
  <testcase name="testB" time="0.008" classname="tests.TestClass"/>
  <system-out/>
  <testcase name="testA" time="0.000" classname="tests.TestClass">
    <skipped/>
  </testcase> <!-- testA -->
  <system-out/>
  <testcase name="testA" time="0.022" classname="tests.TestClass"/>
  <system-out/>
  <testcase name="testB" time="0.000" classname="tests.TestClass">
    <skipped/>
  </testcase> <!-- testB -->
  <system-out/>
</testsuite> <!-- tests.TestClass -->
