<?xml version="1.0" encoding="UTF-8"?>
<!-- Generated by org.testng.reporters.JUnitReportReporter -->
<testsuite skipped="0" hostname="DESKTOP-B2220QC" name="tests.VerifytheApplicationHeader" tests="4" failures="0" timestamp="2022-05-23T09:21:07 IST" time="26.890" errors="0">
  <testcase name="verifyTaskTab" time="7.373" classname="tests.VerifytheApplicationHeader"/>
  <system-out/>
  <testcase name="verifyTaskTab" time="6.802" classname="tests.VerifytheApplicationHeader"/>
  <system-out/>
  <testcase name="verifyReportTab" time="6.719" classname="tests.VerifytheApplicationHeader"/>
  <system-out/>
  <testcase name="verifyReportTab" time="5.996" classname="tests.VerifytheApplicationHeader"/>
  <system-out/>
</testsuite> <!-- tests.VerifytheApplicationHeader -->
