<?xml version="1.0" encoding="UTF-8"?>
<!-- Generated by org.testng.reporters.JUnitReportReporter -->
<testsuite skipped="0" hostname="DESKTOP-B2220QC" name="tests.TestNgClass" tests="2" failures="0" timestamp="2022-05-17T09:39:16 IST" time="19.441" errors="0">
  <testcase name="verifyReportTab" time="8.886" classname="tests.TestNgClass"/>
  <system-out/>
  <testcase name="verifyTaskTab" time="10.555" classname="tests.TestNgClass"/>
  <system-out/>
</testsuite> <!-- tests.TestNgClass -->
